<?xml version="1.0" encoding="UTF-8"?>
<Site BuildName="(empty)"
	BuildStamp="20241218-1236-Experimental"
	Name="(empty)"
	Generator="ctest-3.23.3"
	CompilerName=""
	CompilerVersion=""
	OSName="Linux"
	Hostname="d695346a5e13"
	OSRelease="6.8.0-49-generic"
	OSVersion="#49~22.04.1-Ubuntu SMP PREEMPT_DYNAMIC Wed Nov  6 17:42:15 UTC 2"
	OSPlatform="x86_64"
	Is64Bits="1"
	VendorString="GenuineIntel"
	VendorID="Intel Corporation"
	FamilyID="6"
	ModelID="85"
	ProcessorCacheSize="39424"
	NumberOfLogicalCPU="112"
	NumberOfPhysicalCPU="56"
	TotalVirtualMemory="8191"
	TotalPhysicalMemory="386561"
	LogicalProcessorsPerPhysical="2"
	ProcessorClockFrequency="1000"
	>
	<Testing>
		<StartDateTime>Dec 18 20:36 CST</StartDateTime>
		<StartTestTime>1734525364</StartTestTime>
		<TestList/>
		<EndDateTime>Dec 18 20:36 CST</EndDateTime>
		<EndTestTime>1734525364</EndTestTime>
		<ElapsedMinutes>0</ElapsedMinutes>
	</Testing>
</Site>
